Using pre-set license
Built from '2020.3/staging' branch; Version is '2020.3.14f1 (d0d1bb862f9d) revision 13685179'; Using compiler version '192528614'; Build Type 'Release'
OS: 'Windows 10 Home; OS build 22000.100; Version 2009; 64bit' Language: 'en' Physical Memory: 16226 MB
BatchMode: 1, IsHumanControllingUs: 0, StartBugReporterOnCrash: 0, Is64bit: 1, IsPro: 0

 COMMAND LINE ARGUMENTS:
C:\Program Files\Unity\Hub\Editor\2020.3.14f1\Editor\Unity.exe
-adb2
-batchMode
-noUpm
-name
AssetImportWorker0
-projectPath
C:/Users/danie/Desktop/Projects/GitHub/Game-Objects-and-Scripts/Game Objects and Scripts
-logFile
Logs/AssetImportWorker0.log
-srvPort
51864
Successfully changed project path to: C:/Users/danie/Desktop/Projects/GitHub/Game-Objects-and-Scripts/Game Objects and Scripts
C:/Users/danie/Desktop/Projects/GitHub/Game-Objects-and-Scripts/Game Objects and Scripts
Using Asset Import Pipeline V2.
Refreshing native plugins compatible for Editor in 13.74 ms, found 0 plugins.
Preloading 0 native plugins for Editor in 0.00 ms.
Initialize engine version: 2020.3.14f1 (d0d1bb862f9d)
[Subsystems] Discovering subsystems at path C:/Program Files/Unity/Hub/Editor/2020.3.14f1/Editor/Data/Resources/UnitySubsystems
[Subsystems] Discovering subsystems at path C:/Users/danie/Desktop/Projects/GitHub/Game-Objects-and-Scripts/Game Objects and Scripts/Assets
GfxDevice: creating device client; threaded=0
Direct3D:
    Version:  Direct3D 11.0 [level 11.1]
    Renderer: NVIDIA GeForce GTX 1050 (ID=0x1c8d)
    Vendor:   
    VRAM:     4019 MB
    Driver:   30.0.14.7141
Initialize mono
Mono path[0] = 'C:/Program Files/Unity/Hub/Editor/2020.3.14f1/Editor/Data/Managed'
Mono path[1] = 'C:/Program Files/Unity/Hub/Editor/2020.3.14f1/Editor/Data/MonoBleedingEdge/lib/mono/unityjit'
Mono config path = 'C:/Program Files/Unity/Hub/Editor/2020.3.14f1/Editor/Data/MonoBleedingEdge/etc'
Using monoOptions --debugger-agent=transport=dt_socket,embedding=1,server=y,suspend=n,address=127.0.0.1:56676
Begin MonoManager ReloadAssembly
Registering precompiled unity dll's ...
Register platform support module: C:/Program Files/Unity/Hub/Editor/2020.3.14f1/Editor/Data/PlaybackEngines/WebGLSupport/UnityEditor.WebGL.Extensions.dll
Register platform support module: C:/Program Files/Unity/Hub/Editor/2020.3.14f1/Editor/Data/PlaybackEngines/MacStandaloneSupport/UnityEditor.OSXStandalone.Extensions.dll
Register platform support module: C:/Program Files/Unity/Hub/Editor/2020.3.14f1/Editor/Data/PlaybackEngines/WindowsStandaloneSupport/UnityEditor.WindowsStandalone.Extensions.dll
Register platform support module: C:/Program Files/Unity/Hub/Editor/2020.3.14f1/Editor/Data/PlaybackEngines/LinuxStandaloneSupport/UnityEditor.LinuxStandalone.Extensions.dll
Register platform support module: C:/Program Files/Unity/Hub/Editor/2020.3.14f1/Editor/Data/PlaybackEngines/LuminSupport/UnityEditor.Lumin.Extensions.dll
Registered in 0.006473 seconds.
Native extension for Lumin target not found
Native extension for LinuxStandalone target not found
Native extension for WindowsStandalone target not found
Native extension for OSXStandalone target not found
Native extension for WebGL target not found
Refreshing native plugins compatible for Editor in 12.75 ms, found 0 plugins.
Preloading 0 native plugins for Editor in 0.00 ms.
Mono: successfully reloaded assembly
- Completed reload, in  5.752 seconds
Domain Reload Profiling:
	ReloadAssembly (5752ms)
		BeginReloadAssembly (57ms)
			ExecutionOrderSort (0ms)
			DisableScriptedObjects (0ms)
			BackupInstance (0ms)
			ReleaseScriptingObjects (0ms)
			CreateAndSetChildDomain (1ms)
		EndReloadAssembly (415ms)
			LoadAssemblies (57ms)
			RebuildTransferFunctionScriptingTraits (0ms)
			SetupTypeCache (159ms)
			ReleaseScriptCaches (0ms)
			RebuildScriptCaches (31ms)
			SetupLoadedEditorAssemblies (142ms)
				LogAssemblyErrors (0ms)
				InitializePlatformSupportModulesInManaged (7ms)
				SetLoadedEditorAssemblies (0ms)
				RefreshPlugins (13ms)
				BeforeProcessingInitializeOnLoad (6ms)
				ProcessInitializeOnLoadAttributes (86ms)
				ProcessInitializeOnLoadMethodAttributes (29ms)
				AfterProcessingInitializeOnLoad (0ms)
				EditorAssembliesLoaded (0ms)
			ExecutionOrderSort2 (0ms)
			AwakeInstancesAfterBackupRestoration (0ms)
Platform modules already initialized, skipping
Registering precompiled user dll's ...
Registered in 0.001823 seconds.
Begin MonoManager ReloadAssembly
Native extension for Lumin target not found
Native extension for LinuxStandalone target not found
Native extension for WindowsStandalone target not found
Native extension for OSXStandalone target not found
Native extension for WebGL target not found
Refreshing native plugins compatible for Editor in 0.08 ms, found 0 plugins.
Preloading 0 native plugins for Editor in 0.00 ms.
Mono: successfully reloaded assembly
- Completed reload, in  0.757 seconds
Domain Reload Profiling:
	ReloadAssembly (767ms)
		BeginReloadAssembly (151ms)
			ExecutionOrderSort (0ms)
			DisableScriptedObjects (4ms)
			BackupInstance (0ms)
			ReleaseScriptingObjects (0ms)
			CreateAndSetChildDomain (19ms)
		EndReloadAssembly (545ms)
			LoadAssemblies (84ms)
			RebuildTransferFunctionScriptingTraits (0ms)
			SetupTypeCache (165ms)
			ReleaseScriptCaches (0ms)
			RebuildScriptCaches (30ms)
			SetupLoadedEditorAssemblies (174ms)
				LogAssemblyErrors (0ms)
				InitializePlatformSupportModulesInManaged (8ms)
				SetLoadedEditorAssemblies (0ms)
				RefreshPlugins (0ms)
				BeforeProcessingInitializeOnLoad (38ms)
				ProcessInitializeOnLoadAttributes (117ms)
				ProcessInitializeOnLoadMethodAttributes (4ms)
				AfterProcessingInitializeOnLoad (5ms)
				EditorAssembliesLoaded (0ms)
			ExecutionOrderSort2 (0ms)
			AwakeInstancesAfterBackupRestoration (6ms)
Platform modules already initialized, skipping
========================================================================
Worker process is ready to serve import requests
Launched and connected shader compiler UnityShaderCompiler.exe after 0.06 seconds
Refreshing native plugins compatible for Editor in 0.07 ms, found 0 plugins.
Preloading 0 native plugins for Editor in 0.00 ms.
Unloading 317 Unused Serialized files (Serialized files now loaded: 0)
System memory in use before: 32.2 MB.
System memory in use after: 32.2 MB.

Unloading 8 unused Assets to reduce memory usage. Loaded Objects now: 758.
Total: 1.562100 ms (FindLiveObjects: 0.063100 ms CreateObjectMapping: 0.011500 ms MarkObjects: 1.401600 ms  DeleteObjects: 0.084600 ms)

AssetImportParameters requested are different than current active one (requested -> active):
  custom:framework-win-MediaFoundation: 216162199b28c13a410421893ffa2e32 -> 
  custom:video-decoder-ogg-theora: a1e56fd34408186e4bbccfd4996cb3dc -> 
  custom:container-muxer-webm: aa71ff27fc2769a1b78a27578f13a17b -> 
  custom:container-demuxer-webm: 4f35f7cbe854078d1ac9338744f61a02 -> 
  custom:container-demuxer-ogg: 62fdf1f143b41e24485cea50d1cbac27 -> 
  custom:video-encoder-webm-vp8: eb34c28f22e8b96e1ab97ce403110664 -> 
  custom:video-decoder-webm-vp8: 9c59270c3fd7afecdb556c50c9e8de78 -> 
  custom:audio-decoder-ogg-vorbis: bf7c407c2cedff20999df2af8eb42d56 -> 
  custom:audio-encoder-webm-vorbis: bf7c407c2cedff20999df2af8eb42d56 -> 
========================================================================
Received Import Request.
  path: Assets/Hour Indicator.mat
  artifactKey: Guid(42e693993d21d3c4ea4e122cdf90defb) Importer(815301076,1909f56bfc062723c751e8b465ee728b)
Start importing Assets/Hour Indicator.mat using Guid(42e693993d21d3c4ea4e122cdf90defb) Importer(815301076,1909f56bfc062723c751e8b465ee728b)  -> (artifact id: 'be5a37b3ff8fe51839feec449921de84') in 0.135815 seconds 
  Import took 0.137435 seconds .

========================================================================
Received Import Request.
  Time since last request: 788.127703 seconds.
  path: Assets/New Material.mat
  artifactKey: Guid(7f64717eb1daf5f4b88ad4a8dc0b249a) Importer(815301076,1909f56bfc062723c751e8b465ee728b)
Start importing Assets/New Material.mat using Guid(7f64717eb1daf5f4b88ad4a8dc0b249a) Importer(815301076,1909f56bfc062723c751e8b465ee728b)  -> (artifact id: '0c8c44cc36f8a57a7eb334cb0c4924f6') in 0.030779 seconds 
  Import took 0.034095 seconds .

========================================================================
Received Import Request.
  Time since last request: 45.859893 seconds.
  path: Assets/Clock Arm.mat
  artifactKey: Guid(7f64717eb1daf5f4b88ad4a8dc0b249a) Importer(815301076,1909f56bfc062723c751e8b465ee728b)
Start importing Assets/Clock Arm.mat using Guid(7f64717eb1daf5f4b88ad4a8dc0b249a) Importer(815301076,1909f56bfc062723c751e8b465ee728b)  -> (artifact id: '79142622de1eecb5a09b5d502a50bfb2') in 0.021337 seconds 
  Import took 0.022676 seconds .

========================================================================
Received Import Request.
  Time since last request: 1866.337374 seconds.
  path: Assets/New Material.mat
  artifactKey: Guid(40f19f6c478047047b9c48d5aef25b8f) Importer(815301076,1909f56bfc062723c751e8b465ee728b)
Start importing Assets/New Material.mat using Guid(40f19f6c478047047b9c48d5aef25b8f) Importer(815301076,1909f56bfc062723c751e8b465ee728b)  -> (artifact id: 'e3a50d943ecf11c3485dfe3155318073') in 0.029348 seconds 
  Import took 0.031152 seconds .

========================================================================
Received Import Request.
  Time since last request: 3.575328 seconds.
  path: Assets
  artifactKey: Guid(00000000000000001000000000000000) Importer(815301076,1909f56bfc062723c751e8b465ee728b)
Start importing Assets using Guid(00000000000000001000000000000000) Importer(815301076,1909f56bfc062723c751e8b465ee728b)  -> (artifact id: '42d402b061de3733987d63b9cc3b64de') in 0.011315 seconds 
  Import took 0.012741 seconds .

========================================================================
Received Import Request.
  Time since last request: 171.139586 seconds.
  path: Assets/Hour Indicator.mat
  artifactKey: Guid(42e693993d21d3c4ea4e122cdf90defb) Importer(815301076,1909f56bfc062723c751e8b465ee728b)
Start importing Assets/Hour Indicator.mat using Guid(42e693993d21d3c4ea4e122cdf90defb) Importer(815301076,1909f56bfc062723c751e8b465ee728b)  -> (artifact id: 'd5727e682a872e5acba8975c79503460') in 0.017674 seconds 
  Import took 0.019553 seconds .

========================================================================
Received Import Request.
  Time since last request: 0.000226 seconds.
  path: Assets/New Material.mat
  artifactKey: Guid(40f19f6c478047047b9c48d5aef25b8f) Importer(815301076,1909f56bfc062723c751e8b465ee728b)
Start importing Assets/New Material.mat using Guid(40f19f6c478047047b9c48d5aef25b8f) Importer(815301076,1909f56bfc062723c751e8b465ee728b)  -> (artifact id: '9f32971ccb6b0a0249a84a4b5edcf978') in 0.017288 seconds 
  Import took 0.018526 seconds .

========================================================================
Received Import Request.
  Time since last request: 28.241989 seconds.
  path: Assets/Materials
  artifactKey: Guid(22e07104feb8e6044a2c0e06827840a5) Importer(815301076,1909f56bfc062723c751e8b465ee728b)
Start importing Assets/Materials using Guid(22e07104feb8e6044a2c0e06827840a5) Importer(815301076,1909f56bfc062723c751e8b465ee728b)  -> (artifact id: '655ee30e5c42267e78d8171b6935df0b') in 0.008725 seconds 
  Import took 0.010387 seconds .

